<?xml version="1.0" encoding="UTF-8"?>
<!-- Generated by org.testng.reporters.JUnitReportReporter -->
<testsuite hostname="Sai-PC" name="day25.LoginUsingReflections" tests="1" failures="0" timestamp="31 Jan 2017 06:40:19 GMT" time="15.156" errors="0">
  <testcase name="loginTest" time="15.156" classname="day25.LoginUsingReflections"/>
</testsuite> <!-- day25.LoginUsingReflections -->
