<?xml version="1.0" encoding="UTF-8"?>
<!-- Generated by org.testng.reporters.JUnitReportReporter -->
<testsuite hostname="Sai-PC" name="day24.DatadrivenTesting2" tests="1" failures="0" timestamp="30 Jan 2017 06:25:16 GMT" time="34.588" errors="0">
  <testcase name="linksTest" time="34.588" classname="day24.DatadrivenTesting2"/>
</testsuite> <!-- day24.DatadrivenTesting2 -->
