<?xml version="1.0" encoding="UTF-8"?>
<!-- Generated by org.testng.reporters.JUnitReportReporter -->
<testsuite hostname="Sai-PC" name="day19.AjaxAutosuggestions" tests="1" failures="0" timestamp="23 Jan 2017 07:18:07 GMT" time="2.788" errors="0">
  <testcase name="ajaxTest" time="2.788" classname="day19.AjaxAutosuggestions"/>
</testsuite> <!-- day19.AjaxAutosuggestions -->
