<?xml version="1.0" encoding="UTF-8"?>
<!-- Generated by org.testng.reporters.JUnitReportReporter -->
<testsuite hostname="Sai-PC" name="day28.DropdownTestingOnGrid" tests="2" failures="0" timestamp="3 Feb 2017 07:32:56 GMT" time="144.539" errors="0">
  <testcase name="dropdownTest" time="45.532" classname="day28.DropdownTestingOnGrid"/>
  <testcase name="dropdownTest" time="99.007" classname="day28.DropdownTestingOnGrid"/>
</testsuite> <!-- day28.DropdownTestingOnGrid -->
