<?xml version="1.0" encoding="UTF-8"?>
<!-- Generated by org.testng.reporters.JUnitReportReporter -->
<testsuite hostname="Sai-PC" name="day30.pomtestcases.POMLogintest" tests="1" failures="0" timestamp="13 Feb 2017 06:21:07 GMT" time="15.116" errors="0">
  <testcase name="loginTest" time="15.116" classname="day30.pomtestcases.POMLogintest"/>
</testsuite> <!-- day30.pomtestcases.POMLogintest -->
