<?xml version="1.0" encoding="UTF-8"?>
<!-- Generated by org.testng.reporters.JUnitReportReporter -->
<testsuite hostname="Sai-PC" name="day19.CookiesTesting" tests="1" failures="0" timestamp="23 Jan 2017 06:47:42 GMT" time="2.106" errors="0">
  <testcase name="cookiesTest" time="2.106" classname="day19.CookiesTesting"/>
</testsuite> <!-- day19.CookiesTesting -->
