<?xml version="1.0" encoding="UTF-8"?>
<!-- Generated by org.testng.reporters.JUnitReportReporter -->
<testsuite hostname="Sai-PC" name="day30.pomtestcases.POMRegistrationTest" tests="1" failures="0" timestamp="13 Feb 2017 07:06:14 GMT" time="24.059" errors="0">
  <testcase name="registrationTest" time="24.059" classname="day30.pomtestcases.POMRegistrationTest"/>
</testsuite> <!-- day30.pomtestcases.POMRegistrationTest -->
