<?xml version="1.0" encoding="UTF-8"?>
<!-- Generated by org.testng.reporters.JUnitReportReporter -->
<testsuite hostname="Sai-PC" name="day23.DatadrivenTesting1" tests="1" failures="0" timestamp="28 Jan 2017 06:47:29 GMT" time="13.605" errors="0">
  <testcase name="registration" time="13.605" classname="day23.DatadrivenTesting1"/>
</testsuite> <!-- day23.DatadrivenTesting1 -->
