<?xml version="1.0" encoding="UTF-8"?>
<!-- Generated by org.testng.reporters.JUnitReportReporter -->
<testsuite hostname="Sai-PC" name="day17.DragAndDrop" tests="1" failures="0" timestamp="20 Jan 2017 06:14:32 GMT" time="0.382" errors="0">
  <testcase name="dragAndDropTest" time="0.382" classname="day17.DragAndDrop"/>
</testsuite> <!-- day17.DragAndDrop -->
