<?xml version="1.0" encoding="UTF-8"?>
<!-- Generated by org.testng.reporters.JUnitReportReporter -->
<testsuite hostname="Sai-PC" name="day18.CalanderWebtable" tests="1" failures="0" timestamp="25 Jan 2017 12:42:07 GMT" time="30.689" errors="0">
  <testcase name="calanderTest" time="30.689" classname="day18.CalanderWebtable"/>
</testsuite> <!-- day18.CalanderWebtable -->
