<?xml version="1.0" encoding="UTF-8"?>
<!-- Generated by org.testng.reporters.JUnitReportReporter -->
<testsuite hostname="Sai-PC" name="day25.LoginUsingKeywords" tests="1" failures="0" timestamp="31 Jan 2017 06:20:07 GMT" time="14.868" errors="0">
  <testcase name="loginTest" time="14.868" classname="day25.LoginUsingKeywords"/>
</testsuite> <!-- day25.LoginUsingKeywords -->
