<?xml version="1.0" encoding="UTF-8"?>
<!-- Generated by org.testng.reporters.JUnitReportReporter -->
<testsuite hostname="Sai-PC" name="day13.RadioButonsTesting" tests="1" failures="0" timestamp="10 Jan 2017 07:21:28 GMT" time="1.991" errors="0">
  <testcase name="radioButtonsTest" time="1.991" classname="day13.RadioButonsTesting"/>
</testsuite> <!-- day13.RadioButonsTesting -->
