<?xml version="1.0" encoding="UTF-8"?>
<!-- Generated by org.testng.reporters.JUnitReportReporter -->
<testsuite hostname="Sai-PC" name="day26.Login" tests="1" failures="0" timestamp="1 Feb 2017 06:38:27 GMT" time="16.620" errors="0">
  <testcase name="loginTest" time="16.620" classname="day26.Login"/>
</testsuite> <!-- day26.Login -->
