<?xml version="1.0" encoding="UTF-8"?>
<!-- Generated by org.testng.reporters.JUnitReportReporter -->
<testsuite hostname="Sai-PC" name="day14.DynamicCSS" tests="1" failures="0" timestamp="11 Jan 2017 07:12:53 GMT" time="3.204" errors="0">
  <testcase name="cssTest" time="3.204" classname="day14.DynamicCSS"/>
</testsuite> <!-- day14.DynamicCSS -->
