<?xml version="1.0" encoding="UTF-8"?>
<!-- Generated by org.testng.reporters.JUnitReportReporter -->
<testsuite hostname="Sai-PC" name="day16.AutomatingFrames" tests="1" failures="0" timestamp="19 Jan 2017 06:43:57 GMT" time="0.528" errors="0">
  <testcase name="framesTest" time="0.528" classname="day16.AutomatingFrames"/>
</testsuite> <!-- day16.AutomatingFrames -->
