<?xml version="1.0" encoding="UTF-8"?>
<!-- Generated by org.testng.reporters.JUnitReportReporter -->
<testsuite hostname="Sai-PC" name="day26.AddEmployee" tests="1" failures="0" timestamp="1 Feb 2017 06:38:27 GMT" time="4.899" errors="0">
  <testcase name="addEmpTest" time="4.899" classname="day26.AddEmployee"/>
</testsuite> <!-- day26.AddEmployee -->
