<?xml version="1.0" encoding="UTF-8"?>
<!-- Generated by org.testng.reporters.JUnitReportReporter -->
<testsuite hostname="Sai-PC" name="day17.SliderAutomatioon" tests="1" failures="0" timestamp="20 Jan 2017 06:28:55 GMT" time="0.275" errors="0">
  <testcase name="sliderTest" time="0.275" classname="day17.SliderAutomatioon"/>
</testsuite> <!-- day17.SliderAutomatioon -->
