<?xml version="1.0" encoding="UTF-8"?>
<!-- Generated by org.testng.reporters.JUnitReportReporter -->
<testsuite hostname="Sai-PC" name="day15.ExplicitWaitExample" tests="1" failures="0" timestamp="18 Jan 2017 06:43:36 GMT" time="6.405" errors="0">
  <testcase name="waitTest" time="6.405" classname="day15.ExplicitWaitExample"/>
</testsuite> <!-- day15.ExplicitWaitExample -->
