<?xml version="1.0" encoding="UTF-8"?>
<!-- Generated by org.testng.reporters.JUnitReportReporter -->
<testsuite hostname="Sai-PC" name="day24.LoginUsingProperties" tests="1" failures="0" timestamp="30 Jan 2017 06:55:19 GMT" time="4.414" errors="0">
  <testcase name="loginTest" time="4.414" classname="day24.LoginUsingProperties"/>
</testsuite> <!-- day24.LoginUsingProperties -->
