<?xml version="1.0" encoding="UTF-8"?>
<!-- Generated by org.testng.reporters.JUnitReportReporter -->
<testsuite hostname="Sai-PC" name="day26.DeleteEmployee" tests="1" failures="0" timestamp="1 Feb 2017 06:38:27 GMT" time="28.049" errors="0">
  <testcase name="delEmptest" time="28.049" classname="day26.DeleteEmployee"/>
</testsuite> <!-- day26.DeleteEmployee -->
