<?xml version="1.0" encoding="UTF-8"?>
<!-- Generated by org.testng.reporters.JUnitReportReporter -->
<testsuite hostname="Sai-PC" name="day16.MouseHovering" tests="1" failures="0" timestamp="26 Jan 2017 07:28:07 GMT" time="4.533" errors="0">
  <testcase name="mouseTest" time="4.533" classname="day16.MouseHovering"/>
</testsuite> <!-- day16.MouseHovering -->
