<?xml version="1.0" encoding="UTF-8"?>
<!-- Generated by org.testng.reporters.JUnitReportReporter -->
<testsuite hostname="Sai-PC" name="day15.ImplicitWaitExample" tests="1" failures="0" timestamp="18 Jan 2017 06:25:03 GMT" time="5.305" errors="0">
  <testcase name="waitTest" time="5.305" classname="day15.ImplicitWaitExample"/>
</testsuite> <!-- day15.ImplicitWaitExample -->
