<?xml version="1.0" encoding="UTF-8"?>
<!-- Generated by org.testng.reporters.JUnitReportReporter -->
<testsuite hostname="Sai-PC" name="day20.TabandPoupHandling2" tests="1" failures="0" timestamp="24 Jan 2017 07:06:42 GMT" time="9.989" errors="0">
  <testcase name="windowTest" time="9.989" classname="day20.TabandPoupHandling2"/>
</testsuite> <!-- day20.TabandPoupHandling2 -->
