<?xml version="1.0" encoding="UTF-8"?>
<!-- Generated by org.testng.reporters.JUnitReportReporter -->
<testsuite hostname="Sai-PC" name="day22.ExcelWebtable" tests="1" failures="0" timestamp="26 Jan 2017 06:38:51 GMT" time="8.677" errors="0">
  <testcase name="webtableTest" time="8.677" classname="day22.ExcelWebtable"/>
</testsuite> <!-- day22.ExcelWebtable -->
