<?xml version="1.0" encoding="UTF-8"?>
<!-- Generated by org.testng.reporters.JUnitReportReporter -->
<testsuite hostname="Sai-PC" name="day20.TabandPopupHandling" tests="1" failures="0" timestamp="24 Jan 2017 06:51:32 GMT" time="17.484" errors="0">
  <testcase name="windowTest" time="17.484" classname="day20.TabandPopupHandling"/>
</testsuite> <!-- day20.TabandPopupHandling -->
