<?xml version="1.0" encoding="UTF-8"?>
<!-- Generated by org.testng.reporters.JUnitReportReporter -->
<testsuite hostname="Sai-PC" name="day22.HiddenElement" tests="1" failures="0" timestamp="26 Jan 2017 07:34:02 GMT" time="0.236" errors="0">
  <testcase name="hiddenElementClick" time="0.236" classname="day22.HiddenElement"/>
</testsuite> <!-- day22.HiddenElement -->
