<?xml version="1.0" encoding="UTF-8"?>
<!-- Generated by org.testng.reporters.JUnitReportReporter -->
<testsuite hostname="Sai-PC" name="day29.LoginUisngDataProvider" tests="2" failures="0" timestamp="6 Feb 2017 06:15:37 GMT" time="48.163" errors="0">
  <testcase name="loginTest" time="19.837" classname="day29.LoginUisngDataProvider"/>
  <testcase name="loginTest" time="28.326" classname="day29.LoginUisngDataProvider"/>
</testsuite> <!-- day29.LoginUisngDataProvider -->
