<?xml version="1.0" encoding="UTF-8"?>
<!-- Generated by org.testng.reporters.JUnitReportReporter -->
<testsuite hostname="Sai-PC" name="day15.FluentWaitExample" tests="1" failures="0" timestamp="18 Jan 2017 07:04:44 GMT" time="3.066" errors="0">
  <testcase name="waitTest" time="3.066" classname="day15.FluentWaitExample"/>
</testsuite> <!-- day15.FluentWaitExample -->
