<?xml version="1.0" encoding="UTF-8"?>
<!-- Generated by org.testng.reporters.JUnitReportReporter -->
<testsuite hostname="Sai-PC" name="day26.Logout" tests="1" failures="0" timestamp="1 Feb 2017 06:38:27 GMT" time="1.575" errors="0">
  <testcase name="logoutTest" time="1.575" classname="day26.Logout"/>
</testsuite> <!-- day26.Logout -->
