<?xml version="1.0" encoding="UTF-8"?>
<!-- Generated by org.testng.reporters.JUnitReportReporter -->
<testsuite hostname="Sai-PC" name="day17.WebtableTesting2" tests="1" failures="0" timestamp="20 Jan 2017 07:13:41 GMT" time="25.996" errors="0">
  <testcase name="webtableTest" time="25.996" classname="day17.WebtableTesting2"/>
</testsuite> <!-- day17.WebtableTesting2 -->
