<?xml version="1.0" encoding="UTF-8"?>
<!-- Generated by org.testng.reporters.JUnitReportReporter -->
<testsuite hostname="Sai-PC" name="day28.LoginUsingGrid" tests="1" failures="0" timestamp="3 Feb 2017 07:13:45 GMT" time="12.416" errors="0">
  <testcase name="loginTest" time="12.416" classname="day28.LoginUsingGrid"/>
</testsuite> <!-- day28.LoginUsingGrid -->
