<?xml version="1.0" encoding="UTF-8"?>
<!-- Generated by org.testng.reporters.JUnitReportReporter -->
<testsuite hostname="Sai-PC" name="day16.RightClick" tests="1" failures="0" timestamp="19 Jan 2017 07:34:19 GMT" time="0.996" errors="0">
  <testcase name="rightClickTest" time="0.996" classname="day16.RightClick"/>
</testsuite> <!-- day16.RightClick -->
